ASbulid/unityLibrary/build/intermediates/manifest_merge_blame_file/debug/manifest-merger-blame-debug-report.txt
1<?xml version="1.0" encoding="utf-8"?>
2<manifest xmlns:android="http://schemas.android.com/apk/res/android"
3    package="com.unity3d.player" >
4
5    <uses-sdk
6        android:minSdkVersion="27"
6-->src\main\AndroidManifest.xml
7        android:targetSdkVersion="30" />
7-->src\main\AndroidManifest.xml
8
9    <uses-permission android:name="android.permission.ACCESS_COARSE_LOCATION" />
9-->src\main\AndroidManifest.xml:5:5-81
9-->src\main\AndroidManifest.xml:5:22-78
10    <uses-permission android:name="android.permission.ACCESS_FINE_LOCATION" />
10-->src\main\AndroidManifest.xml:6:5-79
10-->src\main\AndroidManifest.xml:6:22-76
11    <uses-permission android:name="android.permission.ACCESS_BACKGROUND_LOCATION" />
11-->src\main\AndroidManifest.xml:7:5-85
11-->src\main\AndroidManifest.xml:7:22-82
12    <uses-permission android:name="android.permission.POST_NOTIFICATIONS" />
12-->src\main\AndroidManifest.xml:8:5-77
12-->src\main\AndroidManifest.xml:8:22-74
13
14    <uses-feature android:glEsVersion="0x00030000" />
14-->src\main\AndroidManifest.xml:10:5-54
14-->src\main\AndroidManifest.xml:10:19-51
15    <uses-feature
15-->src\main\AndroidManifest.xml:11:5-13:36
16        android:name="android.hardware.vulkan.version"
16-->src\main\AndroidManifest.xml:12:9-55
17        android:required="false" />
17-->src\main\AndroidManifest.xml:13:9-33
18
19    <uses-permission android:name="android.permission.INTERNET" />
19-->src\main\AndroidManifest.xml:15:5-67
19-->src\main\AndroidManifest.xml:15:22-64
20
21    <uses-feature
21-->src\main\AndroidManifest.xml:17:5-19:36
22        android:name="android.hardware.touchscreen"
22-->src\main\AndroidManifest.xml:18:9-52
23        android:required="false" />
23-->src\main\AndroidManifest.xml:19:9-33
24    <uses-feature
24-->src\main\AndroidManifest.xml:20:5-22:36
25        android:name="android.hardware.touchscreen.multitouch"
25-->src\main\AndroidManifest.xml:21:9-63
26        android:required="false" />
26-->src\main\AndroidManifest.xml:22:9-33
27    <uses-feature
27-->src\main\AndroidManifest.xml:23:5-25:36
28        android:name="android.hardware.touchscreen.multitouch.distinct"
28-->src\main\AndroidManifest.xml:24:9-72
29        android:required="false" />
29-->src\main\AndroidManifest.xml:25:9-33
30
31    <application android:extractNativeLibs="true" >
31-->src\main\AndroidManifest.xml:27:5-91:19
31-->src\main\AndroidManifest.xml:27:18-50
32        <service
32-->src\main\AndroidManifest.xml:28:9-31:47
33            android:name="com.unity3d.player.MyService"
33-->src\main\AndroidManifest.xml:29:13-38
34            android:enabled="true"
34-->src\main\AndroidManifest.xml:30:13-35
35            android:exported="true" />
35-->src\main\AndroidManifest.xml:31:13-36
36
37        <receiver
37-->src\main\AndroidManifest.xml:33:9-43:20
38            android:name="com.unity3d.player.MyAppWidget"
38-->src\main\AndroidManifest.xml:34:13-40
39            android:exported="false" >
39-->src\main\AndroidManifest.xml:35:13-37
40            <intent-filter>
40-->src\main\AndroidManifest.xml:36:13-38:29
41                <action android:name="android.appwidget.action.APPWIDGET_UPDATE" />
41-->src\main\AndroidManifest.xml:37:17-84
41-->src\main\AndroidManifest.xml:37:25-81
42            </intent-filter>
43
44            <meta-data
44-->src\main\AndroidManifest.xml:40:13-42:62
45                android:name="android.appwidget.provider"
45-->src\main\AndroidManifest.xml:41:17-58
46                android:resource="@xml/my_app_widget_info" />
46-->src\main\AndroidManifest.xml:42:17-59
47        </receiver>
48
49        <activity
49-->src\main\AndroidManifest.xml:45:9-65:20
50            android:name="com.ethan.mygeofencing.myUnityActivity"
50-->src\main\AndroidManifest.xml:46:13-66
51            android:configChanges="mcc|mnc|locale|touchscreen|keyboard|keyboardHidden|navigation|orientation|screenLayout|uiMode|screenSize|smallestScreenSize|fontScale|layoutDirection|density"
51-->src\main\AndroidManifest.xml:47:13-194
52            android:hardwareAccelerated="false"
52-->src\main\AndroidManifest.xml:48:13-48
53            android:launchMode="singleTask"
53-->src\main\AndroidManifest.xml:49:13-44
54            android:resizeableActivity="false"
54-->src\main\AndroidManifest.xml:50:13-47
55            android:screenOrientation="fullUser"
55-->src\main\AndroidManifest.xml:51:13-49
56            android:theme="@style/UnityThemeSelector" >
56-->src\main\AndroidManifest.xml:52:13-54
57            <intent-filter>
57-->src\main\AndroidManifest.xml:53:13-57:29
58                <action android:name="android.intent.action.MAIN" />
58-->src\main\AndroidManifest.xml:54:17-69
58-->src\main\AndroidManifest.xml:54:25-66
59
60                <category android:name="android.intent.category.LAUNCHER" />
60-->src\main\AndroidManifest.xml:56:17-77
60-->src\main\AndroidManifest.xml:56:27-74
61            </intent-filter>
62
63            <meta-data
63-->src\main\AndroidManifest.xml:59:13-61:40
64                android:name="unityplayer.UnityActivity"
64-->src\main\AndroidManifest.xml:60:17-57
65                android:value="true" />
65-->src\main\AndroidManifest.xml:61:17-37
66            <meta-data
66-->src\main\AndroidManifest.xml:62:13-64:40
67                android:name="android.notch_support"
67-->src\main\AndroidManifest.xml:63:17-53
68                android:value="true" />
68-->src\main\AndroidManifest.xml:64:17-37
69        </activity>
70
71        <meta-data
71-->src\main\AndroidManifest.xml:67:9-69:33
72            android:name="unity.splash-mode"
72-->src\main\AndroidManifest.xml:68:13-45
73            android:value="0" />
73-->src\main\AndroidManifest.xml:69:13-30
74        <meta-data
74-->src\main\AndroidManifest.xml:70:9-72:36
75            android:name="unity.splash-enable"
75-->src\main\AndroidManifest.xml:71:13-47
76            android:value="True" />
76-->src\main\AndroidManifest.xml:72:13-33
77        <meta-data
77-->src\main\AndroidManifest.xml:73:9-75:36
78            android:name="unity.launch-fullscreen"
78-->src\main\AndroidManifest.xml:74:13-51
79            android:value="True" />
79-->src\main\AndroidManifest.xml:75:13-33
80        <meta-data
80-->src\main\AndroidManifest.xml:76:9-78:37
81            android:name="unity.allow-resizable-window"
81-->src\main\AndroidManifest.xml:77:13-56
82            android:value="False" />
82-->src\main\AndroidManifest.xml:78:13-34
83        <meta-data
83-->src\main\AndroidManifest.xml:79:9-81:50
84            android:name="notch.config"
84-->src\main\AndroidManifest.xml:80:13-40
85            android:value="portrait|landscape" />
85-->src\main\AndroidManifest.xml:81:13-47
86
87        <activity
87-->src\main\AndroidManifest.xml:83:9-85:39
88            android:name="com.unity3d.player.myUnityActivity"
88-->src\main\AndroidManifest.xml:84:13-44
89            android:exported="true" />
89-->src\main\AndroidManifest.xml:85:13-36
90
91        <receiver
91-->src\main\AndroidManifest.xml:87:9-90:39
92            android:name="com.unity3d.player.GeofenceBroadcastReceiver"
92-->src\main\AndroidManifest.xml:88:13-54
93            android:enabled="true"
93-->src\main\AndroidManifest.xml:89:13-35
94            android:exported="true" />
94-->src\main\AndroidManifest.xml:90:13-36
95    </application>
96
97</manifest>